TN:
SF:src\controllers\userController.js
FN:4,(anonymous_0)
FN:14,(anonymous_1)
FN:25,(anonymous_2)
FN:35,(anonymous_3)
FN:45,(anonymous_4)
FNF:5
FNH:0
FNDA:0,(anonymous_0)
FNDA:0,(anonymous_1)
FNDA:0,(anonymous_2)
FNDA:0,(anonymous_3)
FNDA:0,(anonymous_4)
DA:1,1
DA:4,1
DA:5,0
DA:6,0
DA:7,0
DA:9,0
DA:14,1
DA:15,0
DA:16,0
DA:17,0
DA:18,0
DA:20,0
DA:25,1
DA:26,0
DA:27,0
DA:28,0
DA:30,0
DA:35,1
DA:36,0
DA:37,0
DA:38,0
DA:40,0
DA:45,1
DA:46,0
DA:47,0
DA:48,0
DA:50,0
DA:54,1
LF:28
LH:7
BRDA:17,0,0,0
BRDA:17,0,1,0
BRF:2
BRH:0
end_of_record
TN:
SF:src\models\userModel.js
FN:13,(anonymous_0)
FN:25,(anonymous_1)
FN:33,(anonymous_2)
FN:41,(anonymous_3)
FN:52,(anonymous_4)
FN:63,(anonymous_5)
FNF:6
FNH:0
FNDA:0,(anonymous_0)
FNDA:0,(anonymous_1)
FNDA:0,(anonymous_2)
FNDA:0,(anonymous_3)
FNDA:0,(anonymous_4)
FNDA:0,(anonymous_5)
DA:1,1
DA:4,1
DA:13,1
DA:14,0
DA:15,0
DA:16,0
DA:17,0
DA:19,0
DA:20,0
DA:25,1
DA:26,0
DA:27,0
DA:28,0
DA:29,0
DA:33,1
DA:34,0
DA:35,0
DA:36,0
DA:37,0
DA:41,1
DA:42,0
DA:43,0
DA:47,0
DA:48,0
DA:52,1
DA:53,0
DA:54,0
DA:58,0
DA:59,0
DA:63,1
DA:64,0
DA:65,0
DA:66,0
DA:69,1
LF:34
LH:9
BRDA:19,0,0,0
BRDA:19,0,1,0
BRF:2
BRH:0
end_of_record
TN:
SF:src\services\userService.js
FN:4,(anonymous_0)
FN:9,(anonymous_1)
FN:11,(anonymous_2)
FN:15,(anonymous_3)
FN:17,(anonymous_4)
FN:25,(anonymous_5)
FN:27,(anonymous_6)
FN:35,(anonymous_7)
FN:37,(anonymous_8)
FNF:9
FNH:2
FNDA:1,(anonymous_0)
FNDA:0,(anonymous_1)
FNDA:0,(anonymous_2)
FNDA:1,(anonymous_3)
FNDA:0,(anonymous_4)
FNDA:0,(anonymous_5)
FNDA:0,(anonymous_6)
FNDA:0,(anonymous_7)
FNDA:0,(anonymous_8)
DA:1,1
DA:4,1
DA:5,1
DA:9,1
DA:10,0
DA:11,0
DA:15,1
DA:16,1
DA:17,1
DA:18,1
DA:19,1
DA:20,1
DA:21,1
DA:25,1
DA:26,0
DA:27,0
DA:28,0
DA:29,0
DA:30,0
DA:31,0
DA:35,1
DA:36,0
DA:37,0
DA:38,0
DA:39,0
DA:42,1
LF:26
LH:14
BRDA:17,0,0,0
BRDA:17,0,1,1
BRDA:28,1,0,0
BRDA:28,1,1,0
BRDA:38,2,0,0
BRDA:38,2,1,0
BRF:6
BRH:1
end_of_record
